Using pre-set license
Built from '6000.0/staging' branch; Version is '6000.0.56f1 (9c7b5e468860) revision 10255198'; Using compiler version '193933523'; Build Type 'Release'
OS: 'Windows 11  (10.0.22631) 64bit Education' Language: 'en' Physical Memory: 32437 MB
BatchMode: 1, IsHumanControllingUs: 0, StartBugReporterOnCrash: 0, Is64bit: 1
Date: 2025-09-11T12:15:15Z

COMMAND LINE ARGUMENTS:
C:\Program Files\Unity\Hub\Editor\6000.0.56f1\Editor\Unity.exe
-adb2
-batchMode
-noUpm
-name
AssetImportWorker3
-projectPath
C:/Users/02MADDOX.GREENSPOON/Maddox Greenspoon/Repositories/Unity Essentials/Essentials
-logFile
Logs/AssetImportWorker3.log
-srvPort
49369
-job-worker-count
5
-background-job-worker-count
8
-gc-helper-count
1
-name
AssetImport
Successfully changed project path to: C:/Users/02MADDOX.GREENSPOON/Maddox Greenspoon/Repositories/Unity Essentials/Essentials
C:/Users/02MADDOX.GREENSPOON/Maddox Greenspoon/Repositories/Unity Essentials/Essentials
[UnityMemory] Configuration Parameters - Can be set up in boot.config
    "memorysetup-bucket-allocator-granularity=16"
    "memorysetup-bucket-allocator-bucket-count=8"
    "memorysetup-bucket-allocator-block-size=33554432"
    "memorysetup-bucket-allocator-block-count=8"
    "memorysetup-main-allocator-block-size=16777216"
    "memorysetup-thread-allocator-block-size=16777216"
    "memorysetup-gfx-main-allocator-block-size=16777216"
    "memorysetup-gfx-thread-allocator-block-size=16777216"
    "memorysetup-cache-allocator-block-size=4194304"
    "memorysetup-typetree-allocator-block-size=2097152"
    "memorysetup-profiler-bucket-allocator-granularity=16"
    "memorysetup-profiler-bucket-allocator-bucket-count=8"
    "memorysetup-profiler-bucket-allocator-block-size=33554432"
    "memorysetup-profiler-bucket-allocator-block-count=8"
    "memorysetup-profiler-allocator-block-size=16777216"
    "memorysetup-profiler-editor-allocator-block-size=1048576"
    "memorysetup-temp-allocator-size-main=16777216"
    "memorysetup-job-temp-allocator-block-size=2097152"
    "memorysetup-job-temp-allocator-block-size-background=1048576"
    "memorysetup-job-temp-allocator-reduction-small-platforms=262144"
    "memorysetup-allocator-temp-initial-block-size-main=262144"
    "memorysetup-allocator-temp-initial-block-size-worker=262144"
    "memorysetup-temp-allocator-size-background-worker=32768"
    "memorysetup-temp-allocator-size-job-worker=262144"
    "memorysetup-temp-allocator-size-preload-manager=33554432"
    "memorysetup-temp-allocator-size-nav-mesh-worker=65536"
    "memorysetup-temp-allocator-size-audio-worker=65536"
    "memorysetup-temp-allocator-size-cloud-worker=32768"
    "memorysetup-temp-allocator-size-gi-baking-worker=262144"
    "memorysetup-temp-allocator-size-gi-baking-worker=262144"
    "memorysetup-temp-allocator-size-gi-baking-worker=262144"
    "memorysetup-temp-allocator-size-gi-baking-worker=262144"
    "memorysetup-temp-allocator-size-gi-baking-worker=262144"
    "memorysetup-temp-allocator-size-gfx=262144"
Player connection [3320]  Target information:

Player connection [3320]  * "[IP] 10.202.144.9 [Port] 0 [Flags] 2 [Guid] 2260754218 [EditorId] 2260754218 [Version] 1048832 [Id] WindowsEditor(7,GUL-HS-2211SD09) [Debug] 1 [PackageName] WindowsEditor [ProjectName] Editor" 

Player connection [3320]  * "[IP] 192.168.247.1 [Port] 0 [Flags] 2 [Guid] 2260754218 [EditorId] 2260754218 [Version] 1048832 [Id] WindowsEditor(7,GUL-HS-2211SD09) [Debug] 1 [PackageName] WindowsEditor [ProjectName] Editor" 

Player connection [3320]  * "[IP] 192.168.2.1 [Port] 0 [Flags] 2 [Guid] 2260754218 [EditorId] 2260754218 [Version] 1048832 [Id] WindowsEditor(7,GUL-HS-2211SD09) [Debug] 1 [PackageName] WindowsEditor [ProjectName] Editor" 

Player connection [3320]  * "[IP] 192.168.56.1 [Port] 0 [Flags] 2 [Guid] 2260754218 [EditorId] 2260754218 [Version] 1048832 [Id] WindowsEditor(7,GUL-HS-2211SD09) [Debug] 1 [PackageName] WindowsEditor [ProjectName] Editor" 

Player connection [3320] Host joined multi-casting on [225.0.0.222:54997]...
Player connection [3320] Host joined alternative multi-casting on [225.0.0.222:34997]...
JobSystem: Creating JobQueue using job-worker-count value 5
Input System module state changed to: Initialized.
[Physics::Module] Initialized fallback backend.
[Physics::Module] Id: 0xdecafbad
Library Redirect Path: Library/
[Physics::Module] Selected backend.
[Physics::Module] Name: PhysX
[Physics::Module] Id: 0xf2b8ea05
[Physics::Module] SDK Version: 4.1.2
[Physics::Module] Integration Version: 1.0.0
[Physics::Module] Threading Mode: Multi-Threaded
Refreshing native plugins compatible for Editor in 5.73 ms, found 3 plugins.
Preloading 0 native plugins for Editor in 0.00 ms.
Initialize engine version: 6000.0.56f1 (9c7b5e468860)
[Subsystems] Discovering subsystems at path C:/Program Files/Unity/Hub/Editor/6000.0.56f1/Editor/Data/Resources/UnitySubsystems
[Subsystems] Discovering subsystems at path C:/Users/02MADDOX.GREENSPOON/Maddox Greenspoon/Repositories/Unity Essentials/Essentials/Assets
GfxDevice: creating device client; kGfxThreadingModeNonThreaded
Direct3D:
    Version:  Direct3D 11.0 [level 11.1]
    Renderer: NVIDIA T400 4GB (ID=0x1ff2)
    Vendor:   NVIDIA
    VRAM:     3943 MB
    Driver:   32.0.15.7216
Initialize mono
Mono path[0] = 'C:/Program Files/Unity/Hub/Editor/6000.0.56f1/Editor/Data/Managed'
Mono path[1] = 'C:/Program Files/Unity/Hub/Editor/6000.0.56f1/Editor/Data/MonoBleedingEdge/lib/mono/unityjit-win32'
Mono config path = 'C:/Program Files/Unity/Hub/Editor/6000.0.56f1/Editor/Data/MonoBleedingEdge/etc'
Using monoOptions --debugger-agent=transport=dt_socket,embedding=1,server=y,suspend=n,address=127.0.0.1:56396
Begin MonoManager ReloadAssembly
Registering precompiled unity dll's ...
Register platform support module: C:/Program Files/Unity/Hub/Editor/6000.0.56f1/Editor/Data/PlaybackEngines/WebGLSupport/UnityEditor.WebGL.Extensions.dll
Register platform support module: C:/Program Files/Unity/Hub/Editor/6000.0.56f1/Editor/Data/PlaybackEngines/WindowsStandaloneSupport/UnityEditor.WindowsStandalone.Extensions.dll
Register platform support module: C:/Program Files/Unity/Hub/Editor/6000.0.56f1/Editor/Data/PlaybackEngines/MetroSupport/UnityEditor.UWP.Extensions.dll
Registered in 0.004376 seconds.
- Loaded All Assemblies, in  0.319 seconds
Native extension for UWP target not found
Native extension for WindowsStandalone target not found
Native extension for WebGL target not found
Mono: successfully reloaded assembly
- Finished resetting the current domain, in  0.329 seconds
Domain Reload Profiling: 646ms
	BeginReloadAssembly (108ms)
		ExecutionOrderSort (0ms)
		DisableScriptedObjects (0ms)
		BackupInstance (0ms)
		ReleaseScriptingObjects (0ms)
		CreateAndSetChildDomain (1ms)
	RebuildCommonClasses (28ms)
	RebuildNativeTypeToScriptingClass (10ms)
	initialDomainReloadingComplete (44ms)
	LoadAllAssembliesAndSetupDomain (127ms)
		LoadAssemblies (107ms)
		RebuildTransferFunctionScriptingTraits (0ms)
		AnalyzeDomain (125ms)
			TypeCache.Refresh (123ms)
				TypeCache.ScanAssembly (113ms)
			BuildScriptInfoCaches (0ms)
			ResolveRequiredComponents (0ms)
	FinalizeReload (329ms)
		ReleaseScriptCaches (0ms)
		RebuildScriptCaches (0ms)
		SetupLoadedEditorAssemblies (293ms)
			LogAssemblyErrors (0ms)
			InitializePlatformSupportModulesInManaged (52ms)
			SetLoadedEditorAssemblies (3ms)
			BeforeProcessingInitializeOnLoad (52ms)
			ProcessInitializeOnLoadAttributes (140ms)
			ProcessInitializeOnLoadMethodAttributes (45ms)
			AfterProcessingInitializeOnLoad (0ms)
			EditorAssembliesLoaded (0ms)
		ExecutionOrderSort2 (0ms)
		AwakeInstancesAfterBackupRestoration (0ms)
========================================================================
Worker process is ready to serve import requests
Import Worker Mode flag is 0x00
Begin MonoManager ReloadAssembly
Symbol file LoadedFromMemory is not a mono symbol file
- Loaded All Assemblies, in  0.748 seconds
Refreshing native plugins compatible for Editor in 5.33 ms, found 3 plugins.
Native extension for UWP target not found
Native extension for WindowsStandalone target not found
Native extension for WebGL target not found
Package Manager log level set to [2]
[Package Manager] Failed to launch server process. Reason: Unity was launched with the -noUpm command-line argument
[Package Manager] Unable to send message (not connected to server process).
[Package Manager] Cannot connect to Unity Package Manager local server
Refreshing native plugins compatible for Editor in 5.00 ms, found 3 plugins.
Mono: successfully reloaded assembly
- Finished resetting the current domain, in  0.793 seconds
Domain Reload Profiling: 1536ms
	BeginReloadAssembly (174ms)
		ExecutionOrderSort (0ms)
		DisableScriptedObjects (5ms)
		BackupInstance (0ms)
		ReleaseScriptingObjects (0ms)
		CreateAndSetChildDomain (35ms)
	RebuildCommonClasses (35ms)
	RebuildNativeTypeToScriptingClass (12ms)
	initialDomainReloadingComplete (44ms)
	LoadAllAssembliesAndSetupDomain (478ms)
		LoadAssemblies (344ms)
		RebuildTransferFunctionScriptingTraits (0ms)
		AnalyzeDomain (230ms)
			TypeCache.Refresh (152ms)
				TypeCache.ScanAssembly (136ms)
			BuildScriptInfoCaches (66ms)
			ResolveRequiredComponents (9ms)
	FinalizeReload (794ms)
		ReleaseScriptCaches (0ms)
		RebuildScriptCaches (0ms)
		SetupLoadedEditorAssemblies (638ms)
			LogAssemblyErrors (0ms)
			InitializePlatformSupportModulesInManaged (12ms)
			SetLoadedEditorAssemblies (4ms)
			BeforeProcessingInitializeOnLoad (122ms)
			ProcessInitializeOnLoadAttributes (346ms)
			ProcessInitializeOnLoadMethodAttributes (151ms)
			AfterProcessingInitializeOnLoad (3ms)
			EditorAssembliesLoaded (0ms)
		ExecutionOrderSort2 (0ms)
		AwakeInstancesAfterBackupRestoration (6ms)
Launched and connected shader compiler UnityShaderCompiler.exe after 0.02 seconds
Refreshing native plugins compatible for Editor in 6.82 ms, found 3 plugins.
Preloading 0 native plugins for Editor in 0.00 ms.
Unloading 14 Unused Serialized files (Serialized files now loaded: 0)
Unloading 6406 unused Assets / (4.9 MB). Loaded Objects now: 7125.
Memory consumption went from 153.6 MB to 148.6 MB.
Total: 18.352300 ms (FindLiveObjects: 0.934700 ms CreateObjectMapping: 1.120300 ms MarkObjects: 12.439200 ms  DeleteObjects: 3.856000 ms)

========================================================================
Received Import Request.
  Time since last request: 2725.725194 seconds.
  path: Assets/_Unity Essentials/Prefabs/Characters/DumpTruck.prefab
  artifactKey: Guid(7ec7972768a5240e09fed7f9a543d943) Importer(815301076,1909f56bfc062723c751e8b465ee728b)
Start importing Assets/_Unity Essentials/Prefabs/Characters/DumpTruck.prefab using Guid(7ec7972768a5240e09fed7f9a543d943) Importer(815301076,1909f56bfc062723c751e8b465ee728b) (PreviewImporter) -> (artifact id: '6b24680e0beb67b31acd2f69f81584b8') in 0.4753148 seconds
Number of updated asset objects reloaded before import = 0Number of asset objects unloaded after import = 68

========================================================================
Received Import Request.
  Time since last request: 0.308487 seconds.
  path: Assets/_Unity Essentials/Prefabs/Collectibles/Collectible_Coin.prefab
  artifactKey: Guid(37c65fdc88e8e402eb7bf60bb0b9390a) Importer(815301076,1909f56bfc062723c751e8b465ee728b)
Start importing Assets/_Unity Essentials/Prefabs/Collectibles/Collectible_Coin.prefab using Guid(37c65fdc88e8e402eb7bf60bb0b9390a) Importer(815301076,1909f56bfc062723c751e8b465ee728b) (PreviewImporter) -> (artifact id: '17d15bc3d296fbb0d712fa65580a9c55') in 0.0715736 seconds
Number of updated asset objects reloaded before import = 0Number of asset objects unloaded after import = 14

========================================================================
Received Import Request.
  Time since last request: 0.000033 seconds.
  path: Assets/_Unity Essentials/Prefabs/Collectibles/Collectible_MusicNoteSingle.prefab
  artifactKey: Guid(c00ce57879c694883b115c990d270b24) Importer(815301076,1909f56bfc062723c751e8b465ee728b)
Start importing Assets/_Unity Essentials/Prefabs/Collectibles/Collectible_MusicNoteSingle.prefab using Guid(c00ce57879c694883b115c990d270b24) Importer(815301076,1909f56bfc062723c751e8b465ee728b) (PreviewImporter) -> (artifact id: 'aca69d0bcc3015bee262fbd2ac726a0f') in 0.0403369 seconds
Number of updated asset objects reloaded before import = 0Number of asset objects unloaded after import = 12

========================================================================
Received Import Request.
  Time since last request: 0.000037 seconds.
  path: Assets/_Unity Essentials/Prefabs/Collectibles/Collectible_GemDiamond.prefab
  artifactKey: Guid(babe51b24254c461abf531b580e09b0e) Importer(815301076,1909f56bfc062723c751e8b465ee728b)
Start importing Assets/_Unity Essentials/Prefabs/Collectibles/Collectible_GemDiamond.prefab using Guid(babe51b24254c461abf531b580e09b0e) Importer(815301076,1909f56bfc062723c751e8b465ee728b) (PreviewImporter) -> (artifact id: '6f2fe9d6a79efad965b7bc2710a187fa') in 0.3399108 seconds
Number of updated asset objects reloaded before import = 0Number of asset objects unloaded after import = 12

========================================================================
Received Import Request.
  Time since last request: 0.000025 seconds.
  path: Assets/_Unity Essentials/Prefabs/Collectibles/Collectible_Tonic.prefab
  artifactKey: Guid(25000b67ff30b473a87c8ee24dbf36c4) Importer(815301076,1909f56bfc062723c751e8b465ee728b)
Start importing Assets/_Unity Essentials/Prefabs/Collectibles/Collectible_Tonic.prefab using Guid(25000b67ff30b473a87c8ee24dbf36c4) Importer(815301076,1909f56bfc062723c751e8b465ee728b) (PreviewImporter) -> (artifact id: '89e585fe521d70f550a842fd84d03a02') in 0.2779961 seconds
Number of updated asset objects reloaded before import = 0Number of asset objects unloaded after import = 15

========================================================================
Received Import Request.
  Time since last request: 0.344683 seconds.
  path: Assets/_Unity Essentials/Prefabs/Floor/Floor2x4m.prefab
  artifactKey: Guid(4a3d4ee404cb0754f860c66c7499443a) Importer(815301076,1909f56bfc062723c751e8b465ee728b)
Start importing Assets/_Unity Essentials/Prefabs/Floor/Floor2x4m.prefab using Guid(4a3d4ee404cb0754f860c66c7499443a) Importer(815301076,1909f56bfc062723c751e8b465ee728b) (PreviewImporter) -> (artifact id: 'ea11fc0dcc7c54646a9e8966e963c0fa') in 0.0168676 seconds
Number of updated asset objects reloaded before import = 0Number of asset objects unloaded after import = 9

========================================================================
Received Import Request.
  Time since last request: 0.000025 seconds.
  path: Assets/_Unity Essentials/Prefabs/Floor/Floor4m.prefab
  artifactKey: Guid(80e5bbfa6aa12b34ca98423c9e7a0f86) Importer(815301076,1909f56bfc062723c751e8b465ee728b)
Start importing Assets/_Unity Essentials/Prefabs/Floor/Floor4m.prefab using Guid(80e5bbfa6aa12b34ca98423c9e7a0f86) Importer(815301076,1909f56bfc062723c751e8b465ee728b) (PreviewImporter) -> (artifact id: '13260917b6a3713d96beb9081dfde5df') in 0.0151215 seconds
Number of updated asset objects reloaded before import = 0Number of asset objects unloaded after import = 10

========================================================================
Received Import Request.
  Time since last request: 0.643186 seconds.
  path: Assets/_Unity Essentials/Prefabs/Kitchen/CabinetLower_Backsplash_15Wx24Dx36H_KN001a.prefab
  artifactKey: Guid(025142553322c754fb0cbc3fa5e31d34) Importer(815301076,1909f56bfc062723c751e8b465ee728b)
Start importing Assets/_Unity Essentials/Prefabs/Kitchen/CabinetLower_Backsplash_15Wx24Dx36H_KN001a.prefab using Guid(025142553322c754fb0cbc3fa5e31d34) Importer(815301076,1909f56bfc062723c751e8b465ee728b) (PreviewImporter) -> (artifact id: '0b70f502743a97356dbdd6a5e876e9bb') in 0.0188045 seconds
Number of updated asset objects reloaded before import = 0Number of asset objects unloaded after import = 62

========================================================================
Received Import Request.
  Time since last request: 0.000031 seconds.
  path: Assets/_Unity Essentials/Prefabs/Kitchen/StockPot_9.5in_KN001.prefab
  artifactKey: Guid(0745ed289416c3e4bb82a516b9654a09) Importer(815301076,1909f56bfc062723c751e8b465ee728b)
Start importing Assets/_Unity Essentials/Prefabs/Kitchen/StockPot_9.5in_KN001.prefab using Guid(0745ed289416c3e4bb82a516b9654a09) Importer(815301076,1909f56bfc062723c751e8b465ee728b) (PreviewImporter) -> (artifact id: 'e9188e415838369eb49cea19babf34b9') in 0.0178404 seconds
Number of updated asset objects reloaded before import = 0Number of asset objects unloaded after import = 31

========================================================================
Received Import Request.
  Time since last request: 0.000022 seconds.
  path: Assets/_Unity Essentials/Prefabs/Kitchen/Cooktop_30in_Gas_KN001.prefab
  artifactKey: Guid(4e0b8dcfc3ec33846a8b4c0b13dc022e) Importer(815301076,1909f56bfc062723c751e8b465ee728b)
Start importing Assets/_Unity Essentials/Prefabs/Kitchen/Cooktop_30in_Gas_KN001.prefab using Guid(4e0b8dcfc3ec33846a8b4c0b13dc022e) Importer(815301076,1909f56bfc062723c751e8b465ee728b) (PreviewImporter) -> (artifact id: '3050c98fae103a0ef1f117e4c38c9059') in 0.0181136 seconds
Number of updated asset objects reloaded before import = 0Number of asset objects unloaded after import = 37

========================================================================
Received Import Request.
  Time since last request: 0.000025 seconds.
  path: Assets/_Unity Essentials/Prefabs/Kitchen/CabinetLower_Backsplash_30Wx24Dx36H_KN001a.prefab
  artifactKey: Guid(3d5ce01582948d14186b1eaa7295d7f3) Importer(815301076,1909f56bfc062723c751e8b465ee728b)
Start importing Assets/_Unity Essentials/Prefabs/Kitchen/CabinetLower_Backsplash_30Wx24Dx36H_KN001a.prefab using Guid(3d5ce01582948d14186b1eaa7295d7f3) Importer(815301076,1909f56bfc062723c751e8b465ee728b) (PreviewImporter) -> (artifact id: '295a81d887aa948f70ded9de0aa96ea5') in 0.0189662 seconds
Number of updated asset objects reloaded before import = 0Number of asset objects unloaded after import = 98

========================================================================
Received Import Request.
  Time since last request: 0.000026 seconds.
  path: Assets/_Unity Essentials/Prefabs/Kitchen/CabinetLower_Backsplash_30Wx24Dx36H_Sink_KN001a.prefab
  artifactKey: Guid(31ebc2f27d1e74044b22d9e302af0e9c) Importer(815301076,1909f56bfc062723c751e8b465ee728b)
Start importing Assets/_Unity Essentials/Prefabs/Kitchen/CabinetLower_Backsplash_30Wx24Dx36H_Sink_KN001a.prefab using Guid(31ebc2f27d1e74044b22d9e302af0e9c) Importer(815301076,1909f56bfc062723c751e8b465ee728b) (PreviewImporter) -> (artifact id: '30bcc04201aaba221487798b9dd8f1b9') in 0.0193577 seconds
Number of updated asset objects reloaded before import = 0Number of asset objects unloaded after import = 63

========================================================================
Received Import Request.
  Time since last request: 0.000030 seconds.
  path: Assets/_Unity Essentials/Prefabs/Kitchen/ShotGlass_KN001.prefab
  artifactKey: Guid(0967c904231adf440ba0ce3d148e8cb2) Importer(815301076,1909f56bfc062723c751e8b465ee728b)
Start importing Assets/_Unity Essentials/Prefabs/Kitchen/ShotGlass_KN001.prefab using Guid(0967c904231adf440ba0ce3d148e8cb2) Importer(815301076,1909f56bfc062723c751e8b465ee728b) (PreviewImporter) -> (artifact id: '36957164ac272524645b2c61f3283bde') in 0.0261372 seconds
Number of updated asset objects reloaded before import = 0Number of asset objects unloaded after import = 18

========================================================================
Received Import Request.
  Time since last request: 2.315266 seconds.
  path: Assets/_Unity Essentials/Prefabs/Living Room/CoffeeTable_48in_BY001.prefab
  artifactKey: Guid(3017a300061e0614bb6b5e2db02ae7ad) Importer(815301076,1909f56bfc062723c751e8b465ee728b)
Start importing Assets/_Unity Essentials/Prefabs/Living Room/CoffeeTable_48in_BY001.prefab using Guid(3017a300061e0614bb6b5e2db02ae7ad) Importer(815301076,1909f56bfc062723c751e8b465ee728b) (PreviewImporter) -> (artifact id: 'f07f4313fab691bbdb4053f3dbec9998') in 0.0280763 seconds
Number of updated asset objects reloaded before import = 0Number of asset objects unloaded after import = 18

========================================================================
Received Import Request.
  Time since last request: 0.000031 seconds.
  path: Assets/_Unity Essentials/Prefabs/Living Room/SofaArmChair.prefab
  artifactKey: Guid(5b5aa82c8874db14092566fe05c8b462) Importer(815301076,1909f56bfc062723c751e8b465ee728b)
Start importing Assets/_Unity Essentials/Prefabs/Living Room/SofaArmChair.prefab using Guid(5b5aa82c8874db14092566fe05c8b462) Importer(815301076,1909f56bfc062723c751e8b465ee728b) (PreviewImporter) -> (artifact id: '791dca525800706389bb2e2f7e12ce98') in 0.0165634 seconds
Number of updated asset objects reloaded before import = 0Number of asset objects unloaded after import = 19

========================================================================
Received Import Request.
  Time since last request: 0.734938 seconds.
  path: Assets/_Unity Essentials/Prefabs/Objects/Mug.prefab
  artifactKey: Guid(2ac041640baae784d9f2cf1c944ab291) Importer(815301076,1909f56bfc062723c751e8b465ee728b)
Start importing Assets/_Unity Essentials/Prefabs/Objects/Mug.prefab using Guid(2ac041640baae784d9f2cf1c944ab291) Importer(815301076,1909f56bfc062723c751e8b465ee728b) (PreviewImporter) -> (artifact id: '800f3b8a1fbdc7904498b3934a0ac96b') in 0.0272758 seconds
Number of updated asset objects reloaded before import = 0Number of asset objects unloaded after import = 9

========================================================================
Received Import Request.
  Time since last request: 0.000028 seconds.
  path: Assets/_Unity Essentials/Prefabs/Objects/ShelfWallSmall.prefab
  artifactKey: Guid(6fd978a8658d8be488a0ab54165dda6a) Importer(815301076,1909f56bfc062723c751e8b465ee728b)
Start importing Assets/_Unity Essentials/Prefabs/Objects/ShelfWallSmall.prefab using Guid(6fd978a8658d8be488a0ab54165dda6a) Importer(815301076,1909f56bfc062723c751e8b465ee728b) (PreviewImporter) -> (artifact id: 'edff70e86b43b356fe39e7a58e362ac7') in 0.0179877 seconds
Number of updated asset objects reloaded before import = 0Number of asset objects unloaded after import = 10

========================================================================
Received Import Request.
  Time since last request: 2.130317 seconds.
  path: Assets/_Unity Essentials/Prefabs/Shapes/Cylinder.prefab
  artifactKey: Guid(385a8caae65aa4892a62166c3d74031a) Importer(815301076,1909f56bfc062723c751e8b465ee728b)
Start importing Assets/_Unity Essentials/Prefabs/Shapes/Cylinder.prefab using Guid(385a8caae65aa4892a62166c3d74031a) Importer(815301076,1909f56bfc062723c751e8b465ee728b) (PreviewImporter) -> (artifact id: 'b8d7da3acc27cef1083331faf1f48b2b') in 0.024029 seconds
Number of updated asset objects reloaded before import = 0Number of asset objects unloaded after import = 8

========================================================================
Received Import Request.
  Time since last request: 0.000021 seconds.
  path: Assets/_Unity Essentials/Prefabs/Shapes/Stair.prefab
  artifactKey: Guid(e68127ae1cf7d4c77bbe3a307d0f26d7) Importer(815301076,1909f56bfc062723c751e8b465ee728b)
Start importing Assets/_Unity Essentials/Prefabs/Shapes/Stair.prefab using Guid(e68127ae1cf7d4c77bbe3a307d0f26d7) Importer(815301076,1909f56bfc062723c751e8b465ee728b) (PreviewImporter) -> (artifact id: 'c17cd8e2d169f7df381eda5b3cd941d3') in 0.0248371 seconds
Number of updated asset objects reloaded before import = 0Number of asset objects unloaded after import = 8

========================================================================
Received Import Request.
  Time since last request: 3.784773 seconds.
  path: Assets/_Unity Essentials/Prefabs/VFX/VFX_Burst.prefab
  artifactKey: Guid(a64312fe794124baa923bcca22ea4631) Importer(815301076,1909f56bfc062723c751e8b465ee728b)
Start importing Assets/_Unity Essentials/Prefabs/VFX/VFX_Burst.prefab using Guid(a64312fe794124baa923bcca22ea4631) Importer(815301076,1909f56bfc062723c751e8b465ee728b) (PreviewImporter) -> (artifact id: '601a3f4405f90bfe97b8ca0cb343a050') in 0.106402 seconds
Number of updated asset objects reloaded before import = 0Number of asset objects unloaded after import = 7

========================================================================
Received Import Request.
  Time since last request: 0.464047 seconds.
  path: Assets/_Unity Essentials/Prefabs/Walls/Wall3m_Green.prefab
  artifactKey: Guid(f1330d33fac4e4ac189612cdc521a9c0) Importer(815301076,1909f56bfc062723c751e8b465ee728b)
Start importing Assets/_Unity Essentials/Prefabs/Walls/Wall3m_Green.prefab using Guid(f1330d33fac4e4ac189612cdc521a9c0) Importer(815301076,1909f56bfc062723c751e8b465ee728b) (PreviewImporter) -> (artifact id: '575d9338f703a4dc61204f0efbb9da82') in 0.0154784 seconds
Number of updated asset objects reloaded before import = 0Number of asset objects unloaded after import = 34

========================================================================
Received Import Request.
  Time since last request: 0.000027 seconds.
  path: Assets/_Unity Essentials/Prefabs/Walls/WallDoor2m.prefab
  artifactKey: Guid(bfa974a01b4cbd94eb18f3e7956f9aca) Importer(815301076,1909f56bfc062723c751e8b465ee728b)
Start importing Assets/_Unity Essentials/Prefabs/Walls/WallDoor2m.prefab using Guid(bfa974a01b4cbd94eb18f3e7956f9aca) Importer(815301076,1909f56bfc062723c751e8b465ee728b) (PreviewImporter) -> (artifact id: 'f7bccfb2b4e8864f5360651abf32ae06') in 0.0188627 seconds
Number of updated asset objects reloaded before import = 0Number of asset objects unloaded after import = 57

========================================================================
Received Import Request.
  Time since last request: 0.000022 seconds.
  path: Assets/_Unity Essentials/Prefabs/Walls/WallDoor2m_Green.prefab
  artifactKey: Guid(33555277bcde74d3489dab8ac391b3b1) Importer(815301076,1909f56bfc062723c751e8b465ee728b)
Start importing Assets/_Unity Essentials/Prefabs/Walls/WallDoor2m_Green.prefab using Guid(33555277bcde74d3489dab8ac391b3b1) Importer(815301076,1909f56bfc062723c751e8b465ee728b) (PreviewImporter) -> (artifact id: '495e150cef9a1ff9d021a9593b18eec3') in 0.0193847 seconds
Number of updated asset objects reloaded before import = 0Number of asset objects unloaded after import = 90

========================================================================
Received Import Request.
  Time since last request: 0.000026 seconds.
  path: Assets/_Unity Essentials/Prefabs/Walls/WallCornerInner.prefab
  artifactKey: Guid(2ee7c4a3c08d9ae4ea14ecf15bf0aea3) Importer(815301076,1909f56bfc062723c751e8b465ee728b)
Start importing Assets/_Unity Essentials/Prefabs/Walls/WallCornerInner.prefab using Guid(2ee7c4a3c08d9ae4ea14ecf15bf0aea3) Importer(815301076,1909f56bfc062723c751e8b465ee728b) (PreviewImporter) -> (artifact id: 'b61d23a279358d6ef03bcc78858fb725') in 0.016133 seconds
Number of updated asset objects reloaded before import = 0Number of asset objects unloaded after import = 18

========================================================================
Received Import Request.
  Time since last request: 0.000029 seconds.
  path: Assets/_Unity Essentials/Prefabs/Walls/WallWindow4m.prefab
  artifactKey: Guid(dd8531eb516f95e40bce6dc3c0ba4525) Importer(815301076,1909f56bfc062723c751e8b465ee728b)
Start importing Assets/_Unity Essentials/Prefabs/Walls/WallWindow4m.prefab using Guid(dd8531eb516f95e40bce6dc3c0ba4525) Importer(815301076,1909f56bfc062723c751e8b465ee728b) (PreviewImporter) -> (artifact id: '8ecfc5a5a6a20026c92ed325ad825241') in 0.0187688 seconds
Number of updated asset objects reloaded before import = 0Number of asset objects unloaded after import = 57

