
=== Wed Sep  3 08:34:41 2025

Packages were changed.
Update Mode: mergeDefaultDependencies

The following packages were added:
  com.unity.multiplayer.center@1.0.0
The following packages were updated:
  com.unity.inputsystem from version 1.11.1 to 1.14.2
  com.unity.cinemachine from version 2.10.1 to 2.10.4
  com.unity.feature.2d from version 2.0.0 to 2.0.1
  com.unity.render-pipelines.universal from version 17.0.3 to 17.0.4

=== Thu Sep  4 07:32:17 2025

Packages were changed.
Update Mode: updateDependencies

The following packages were added:
  com.unity.2d.sprite@1.0.0
  com.unity.2d.tilemap@1.0.0
  com.unity.ads@4.4.2
  com.unity.analytics@3.8.1
  com.unity.collab-proxy@2.8.2
  com.unity.ide.rider@3.0.36
  com.unity.ide.visualstudio@2.0.23
  com.unity.purchasing@4.12.2
  com.unity.test-framework@1.5.1
  com.unity.timeline@1.8.9
  com.unity.ugui@2.0.0
  com.unity.xr.legacyinputhelpers@2.1.12
  com.unity.ai.navigation@2.0.8
